Determining if the pthread_create exist failed with the following output:
Change Dir: /home/masterxu/MyWorkspace/src/cmake-build-debug/CMakeFiles/CMakeTmp

Run Build Command:"/usr/bin/make" "cmTC_b328f/fast"
/usr/bin/make -f CMakeFiles/cmTC_b328f.dir/build.make CMakeFiles/cmTC_b328f.dir/build
make[1]: Entering directory '/home/masterxu/MyWorkspace/src/cmake-build-debug/CMakeFiles/CMakeTmp'
Building C object CMakeFiles/cmTC_b328f.dir/CheckSymbolExists.c.o
/usr/bin/cc    -o CMakeFiles/cmTC_b328f.dir/CheckSymbolExists.c.o   -c /home/masterxu/MyWorkspace/src/cmake-build-debug/CMakeFiles/CMakeTmp/CheckSymbolExists.c
Linking C executable cmTC_b328f
/home/masterxu/CMake/cmake-3.9.2/bin/cmake -E cmake_link_script CMakeFiles/cmTC_b328f.dir/link.txt --verbose=1
/usr/bin/cc      -rdynamic CMakeFiles/cmTC_b328f.dir/CheckSymbolExists.c.o  -o cmTC_b328f 
CMakeFiles/cmTC_b328f.dir/CheckSymbolExists.c.o: In function `main':
CheckSymbolExists.c:(.text+0xa): undefined reference to `pthread_create'
collect2: error: ld returned 1 exit status
CMakeFiles/cmTC_b328f.dir/build.make:97: recipe for target 'cmTC_b328f' failed
make[1]: *** [cmTC_b328f] Error 1
make[1]: Leaving directory '/home/masterxu/MyWorkspace/src/cmake-build-debug/CMakeFiles/CMakeTmp'
Makefile:126: recipe for target 'cmTC_b328f/fast' failed
make: *** [cmTC_b328f/fast] Error 2

File /home/masterxu/MyWorkspace/src/cmake-build-debug/CMakeFiles/CMakeTmp/CheckSymbolExists.c:
/* */
#include <pthread.h>

int main(int argc, char** argv)
{
  (void)argv;
#ifndef pthread_create
  return ((int*)(&pthread_create))[argc];
#else
  (void)argc;
  return 0;
#endif
}

Determining if the function pthread_create exists in the pthreads failed with the following output:
Change Dir: /home/masterxu/MyWorkspace/src/cmake-build-debug/CMakeFiles/CMakeTmp

Run Build Command:"/usr/bin/make" "cmTC_e9995/fast"
/usr/bin/make -f CMakeFiles/cmTC_e9995.dir/build.make CMakeFiles/cmTC_e9995.dir/build
make[1]: Entering directory '/home/masterxu/MyWorkspace/src/cmake-build-debug/CMakeFiles/CMakeTmp'
Building C object CMakeFiles/cmTC_e9995.dir/CheckFunctionExists.c.o
/usr/bin/cc   -DCHECK_FUNCTION_EXISTS=pthread_create   -o CMakeFiles/cmTC_e9995.dir/CheckFunctionExists.c.o   -c /home/masterxu/CMake/cmake-3.9.2/Modules/CheckFunctionExists.c
Linking C executable cmTC_e9995
/home/masterxu/CMake/cmake-3.9.2/bin/cmake -E cmake_link_script CMakeFiles/cmTC_e9995.dir/link.txt --verbose=1
/usr/bin/cc  -DCHECK_FUNCTION_EXISTS=pthread_create    -rdynamic CMakeFiles/cmTC_e9995.dir/CheckFunctionExists.c.o  -o cmTC_e9995 -lpthreads 
/usr/bin/ld: cannot find -lpthreads
collect2: error: ld returned 1 exit status
CMakeFiles/cmTC_e9995.dir/build.make:97: recipe for target 'cmTC_e9995' failed
make[1]: *** [cmTC_e9995] Error 1
make[1]: Leaving directory '/home/masterxu/MyWorkspace/src/cmake-build-debug/CMakeFiles/CMakeTmp'
Makefile:126: recipe for target 'cmTC_e9995/fast' failed
make: *** [cmTC_e9995/fast] Error 2


